2023-06-18 14:50:49,822 [Worker-5: Loading available Gradle versions] INFO  o.e.b.c.i.u.g.PublishedGradleVersions - Gradle version information cache is up-to-date. Trying to read.
2023-06-18 14:54:42,999 [Worker-10: Enabling Maven Dependency Management] INFO  o.e.m.c.i.l.LifecycleMappingFactory - Using org.maven.ide.eclipse.wtp.WarLifecycleMapping lifecycle mapping for MavenProject: once.curso:proyectoBanco:1.0 @ C:\Users\luis_\OneDrive\Documentos\cursoOnceportalento\Modulo2\ejercicios\becaonce2ed\becaonce2ed\pom.xml.
2023-06-18 14:54:45,688 [Worker-10: Enabling Maven Dependency Management] INFO  o.e.m.j.i.AbstractJavaProjectConfigurator - Adding source folder /becaonce2ed/src/main/java
2023-06-18 14:54:45,689 [Worker-10: Enabling Maven Dependency Management] INFO  o.e.m.j.i.AbstractJavaProjectConfigurator - Adding resource folder /becaonce2ed/src/main/resources
2023-06-18 14:54:45,699 [Worker-10: Enabling Maven Dependency Management] INFO  o.e.m.j.i.AbstractJavaProjectConfigurator - Adding resource folder /becaonce2ed/src/main/resources
2023-06-18 14:54:45,711 [Worker-10: Enabling Maven Dependency Management] INFO  o.e.m.j.i.AbstractJavaProjectConfigurator - Adding source folder /becaonce2ed/src/test/java
2023-06-18 14:54:50,150 [Worker-10: Enabling Maven Dependency Management] INFO  o.e.m.c.i.p.ProjectConfigurationManager - Update started
2023-06-18 14:54:52,993 [Worker-10: Enabling Maven Dependency Management] INFO  o.e.m.c.i.l.LifecycleMappingFactory - Using org.maven.ide.eclipse.wtp.WarLifecycleMapping lifecycle mapping for MavenProject: once.curso:proyectoBanco:1.0 @ C:\Users\luis_\OneDrive\Documentos\cursoOnceportalento\Modulo2\ejercicios\becaonce2ed\becaonce2ed\pom.xml.
2023-06-18 14:54:54,120 [Worker-10: Enabling Maven Dependency Management] INFO  o.e.m.j.i.AbstractJavaProjectConfigurator - Adding source folder /becaonce2ed/src/main/java
2023-06-18 14:54:54,120 [Worker-10: Enabling Maven Dependency Management] INFO  o.e.m.j.i.AbstractJavaProjectConfigurator - Adding resource folder /becaonce2ed/src/main/resources
2023-06-18 14:54:54,122 [Worker-10: Enabling Maven Dependency Management] INFO  o.e.m.j.i.AbstractJavaProjectConfigurator - Adding resource folder /becaonce2ed/src/main/resources
2023-06-18 14:54:54,156 [Worker-10: Enabling Maven Dependency Management] INFO  o.e.m.j.i.AbstractJavaProjectConfigurator - Adding source folder /becaonce2ed/src/test/java
2023-06-18 14:54:54,644 [Worker-10: Enabling Maven Dependency Management] INFO  o.e.m.w.i.f.ResourceFilteringBuildParticipant - Cleaning filtered folder for becaonce2ed
2023-06-18 14:54:54,656 [Worker-10: Enabling Maven Dependency Management] INFO  o.e.m.c.i.p.ProjectConfigurationManager - Update completed: 4 sec
2023-06-18 14:54:56,315 [Worker-4: Building] INFO  o.e.m.c.i.embedder.EclipseLogger - Using 'UTF-8' encoding to copy filtered resources.
2023-06-18 14:54:56,315 [Worker-4: Building] INFO  o.e.m.c.i.embedder.EclipseLogger - Using 'UTF-8' encoding to copy filtered properties files.
2023-06-18 14:54:56,318 [Worker-4: Building] INFO  o.e.m.c.i.embedder.EclipseLogger - Copying 1 resource
2023-06-18 14:54:56,326 [Worker-4: Building] INFO  o.e.m.c.i.embedder.EclipseLogger - Copying 0 resource
2023-06-18 14:54:56,328 [Worker-4: Building] INFO  o.e.m.c.i.embedder.EclipseLogger - Using 'UTF-8' encoding to copy filtered resources.
2023-06-18 14:54:56,328 [Worker-4: Building] INFO  o.e.m.c.i.embedder.EclipseLogger - Using 'UTF-8' encoding to copy filtered properties files.
2023-06-18 14:54:56,328 [Worker-4: Building] INFO  o.e.m.c.i.embedder.EclipseLogger - skip non existing resourceDirectory C:\Users\luis_\OneDrive\Documentos\cursoOnceportalento\Modulo2\ejercicios\becaonce2ed\becaonce2ed\src\test\resources
2023-06-18 14:54:56,329 [Worker-4: Building] INFO  o.e.m.w.i.f.ResourceFilteringBuildParticipant - Changed resources require a complete clean of filtered resources of becaonce2ed
2023-06-18 14:54:56,329 [Worker-4: Building] INFO  o.e.m.w.i.f.ResourceFilteringBuildParticipant - Executing resource filtering for becaonce2ed
2023-06-18 14:54:56,332 [Worker-4: Building] INFO  o.e.m.c.i.embedder.EclipseLogger - Using 'UTF-8' encoding to copy filtered resources.
2023-06-18 14:54:56,332 [Worker-4: Building] INFO  o.e.m.c.i.embedder.EclipseLogger - Using 'UTF-8' encoding to copy filtered properties files.
2023-06-18 15:43:23,783 [Worker-23: Building] INFO  o.e.m.c.i.embedder.EclipseLogger - Using 'UTF-8' encoding to copy filtered resources.
2023-06-18 15:43:23,783 [Worker-23: Building] INFO  o.e.m.c.i.embedder.EclipseLogger - Using 'UTF-8' encoding to copy filtered properties files.
2023-06-18 15:43:23,784 [Worker-23: Building] INFO  o.e.m.c.i.embedder.EclipseLogger - Copying 0 resource
2023-06-18 15:43:23,784 [Worker-23: Building] INFO  o.e.m.c.i.embedder.EclipseLogger - Copying 0 resource
2023-06-18 15:43:23,785 [Worker-23: Building] INFO  o.e.m.c.i.embedder.EclipseLogger - Using 'UTF-8' encoding to copy filtered resources.
2023-06-18 15:43:23,785 [Worker-23: Building] INFO  o.e.m.c.i.embedder.EclipseLogger - Using 'UTF-8' encoding to copy filtered properties files.
2023-06-18 15:43:23,785 [Worker-23: Building] INFO  o.e.m.c.i.embedder.EclipseLogger - skip non existing resourceDirectory C:\Users\luis_\OneDrive\Documentos\cursoOnceportalento\Modulo2\ejercicios\becaonce2ed\becaonce2ed\src\test\resources
